-------------------------------------------------------------------------------
Test set: com.java.thepitt.ThePittTest
-------------------------------------------------------------------------------
Tests run: 3, Failures: 1, Errors: 0, Skipped: 0, Time elapsed: 0.139 s <<< FAILURE! - in com.java.thepitt.ThePittTest
com.java.thepitt.ThePittTest.testIsComplete  Time elapsed: 0.081 s  <<< FAILURE!
org.opentest4j.AssertionFailedError: expected: <false> but was: <true>
	at com.java.thepitt.ThePittTest.testIsComplete(ThePittTest.java:46)

